<?xml version="1.0" encoding="UTF-8"?>
<testsuite xmlns:xsi="http://www.w3.org/2001/XMLSchema-instance" xsi:noNamespaceSchemaLocation="https://maven.apache.org/surefire/maven-surefire-plugin/xsd/surefire-test-report-3.0.xsd" version="3.0" name="Prepare_SearchAndSortSystem_Tests" time="0.093" tests="9" errors="0" skipped="0" failures="0">
  <properties>
[...]
</properties>
  <testcase name="Keyword_Check_Null" classname="Prepare_SearchAndSortSystem_Tests" time="0.024">
    <system-out><![CDATA[Please Do Not Use Chars like ' ', '.', ',' or ';'
 
]]></system-out>
  </testcase>
  <testcase name="Keyword_Check_SpaceAndData" classname="Prepare_SearchAndSortSystem_Tests" time="0.016">
    <system-out><![CDATA[Receiver: .. Performing Action
Email1 Contains Keywords






******************** Matching Emails ********************



---------------------------------------------------------------

Email Number 0: 

Subject: Database Error
Related Topic: Computing
Text: The database is not saving any new data which is entered, it has emails from 23/3/23 and back however, newer emails are missing which are posing challenges.
Date: 21/1/22

]]></system-out>
  </testcase>
  <testcase name="Keyword_Check_Semi_Colon" classname="Prepare_SearchAndSortSystem_Tests" time="0.001">
    <system-out><![CDATA[Please Do Not Use Chars like ' ', '.', ',' or ';'
 
]]></system-out>
  </testcase>
  <testcase name="Keyword_Check_Comma" classname="Prepare_SearchAndSortSystem_Tests" time="0.001">
    <system-out><![CDATA[Please Do Not Use Chars like ' ', '.', ',' or ';'
 
]]></system-out>
  </testcase>
  <testcase name="Keyword_Check_Space" classname="Prepare_SearchAndSortSystem_Tests" time="0.001">
    <system-out><![CDATA[Please Do Not Use Chars like ' ', '.', ',' or ';'
 
]]></system-out>
  </testcase>
  <testcase name="Keyword_Check_FullStop" classname="Prepare_SearchAndSortSystem_Tests" time="0.002">
    <system-out><![CDATA[Please Do Not Use Chars like ' ', '.', ',' or ';'
 
]]></system-out>
  </testcase>
  <testcase name="Keyword_Check_Spacex2" classname="Prepare_SearchAndSortSystem_Tests" time="0.003">
    <system-out><![CDATA[Receiver: .. Performing Action






******************** Matching Emails ********************



Error: No Emails Found! 

]]></system-out>
  </testcase>
  <testcase name="Keyword_Check_Success" classname="Prepare_SearchAndSortSystem_Tests" time="0.003">
    <system-out><![CDATA[Receiver: .. Performing Action
Email0 Contains Keywords
Email2 Contains Keywords
Email3 Contains Keywords






******************** Matching Emails ********************



---------------------------------------------------------------

Email Number 0: 

Subject: Sales Campaign Recap
Related Topic: Sales
Text: I wanted to provide you with an update on the recent sales campaign. Our team has successfully executed the plan, resulting in a significant increase in sales and positive feedback from clients. Please review the attached report for more detailed information.
Date: 15/1/21

---------------------------------------------------------------

Email Number 1: 

Subject: Employee Training Update
Related Topic: Human Resources
Text: This is to inform you about the progress of the ongoing employee training program. Participants are responding positively and the training is Successfully being delivered.
Date: 12/1/21

3
---------------------------------------------------------------

Email Number 2: 

Subject: Project Milestone Achieved
Related Topic: Computing
Text: I am pleased to share that we have reached a crucial milestone in our latest computing project. The team has worked diligently and Successfully to meet deadlines and deliver exceptional results. Attached is a summary of the achievements and next steps for your reference.
Date: 05/2/22

]]></system-out>
  </testcase>
  <testcase name="Keyword_Check_Customers" classname="Prepare_SearchAndSortSystem_Tests" time="0.002">
    <system-out><![CDATA[Receiver: .. Performing Action






******************** Matching Emails ********************



Error: No Emails Found! 

]]></system-out>
  </testcase>
</testsuite>